<?xml version="1.0" encoding="UTF-8"?>
<!-- Generated by org.testng.reporters.JUnitXMLReporter -->
<testsuite hostname="sunit-PC" ignored="0" name="Default test" tests="2" failures="0" timestamp="22 Jan 2019 07:06:28 GMT" time="56.458" errors="0">
  <testcase name="TargetCreation" time="40.817" classname="com.ConvergeHub.TestCases.TC_AddTarget_Convert"/>
  <testcase name="ConvertTarget" time="15.46" classname="com.ConvergeHub.TestCases.TC_AddTarget_Convert"/>
</testsuite> <!-- Default test -->
