<?xml version="1.0" encoding="UTF-8"?>
<!-- Generated by org.testng.reporters.JUnitXMLReporter -->
<testsuite hostname="sunit-PC" ignored="0" name="Activities Test Cases" tests="2" failures="1" timestamp="11 Mar 2019 08:38:32 GMT" time="1.093" errors="0">
  <testcase name="ActivitiesTaskCreation" time="0.0" classname="com.ConvergeHub.TestCases.TC_Activities">
    <skipped/>
  </testcase> <!-- ActivitiesTaskCreation -->
  <testcase name="ActivitiesTaskCreation" time="0.287" classname="com.ConvergeHub.TestCases.TC_Activities">
    <failure type="java.lang.NullPointerException">
      <![CDATA[java.lang.NullPointerException
at com.ConvergeHub.Listeners.CustomListeners.onTestSkipped(CustomListeners.java:101)
... Removed 23 stack frames]]>
    </failure>
  </testcase> <!-- ActivitiesTaskCreation -->
</testsuite> <!-- Activities Test Cases -->
