<?xml version="1.0" encoding="UTF-8"?>
<!-- Generated by org.testng.reporters.JUnitXMLReporter -->
<testsuite hostname="sunit-PC" ignored="0" name="Test" tests="1" failures="1" timestamp="15 Jan 2019 13:51:34 GMT" time="0.096" errors="0">
  <testcase name="LeadCreation" time="0.053" classname="com.ConvergeHub.TestCases.TC_AddLead">
    <failure type="java.lang.NullPointerException">
      <![CDATA[java.lang.NullPointerException
at org.openqa.selenium.support.pagefactory.DefaultElementLocator.findElement(DefaultElementLocator.java:69)
at org.openqa.selenium.support.pagefactory.internal.LocatingElementHandler.invoke(LocatingElementHandler.java:38)
at com.sun.proxy.$Proxy9.sendKeys(Unknown Source)
at com.ConvergeHub.TestCases.TC_AddLead.LeadCreation(TC_AddLead.java:20)
... Removed 25 stack frames]]>
    </failure>
  </testcase> <!-- LeadCreation -->
</testsuite> <!-- Test -->
