<?xml version="1.0" encoding="UTF-8"?>
<!-- Generated by org.testng.reporters.JUnitXMLReporter -->
<testsuite hostname="sunit-PC" ignored="0" name="Lead Test Cases" tests="2" failures="2" timestamp="16 Jan 2019 08:18:57 GMT" time="0.07" errors="0">
  <testcase name="LeadCreation" time="0.045" classname="com.ConvergeHub.TestCases.TC_AddLead">
    <failure type="java.lang.NullPointerException">
      <![CDATA[java.lang.NullPointerException
at org.openqa.selenium.support.pagefactory.DefaultElementLocator.findElement(DefaultElementLocator.java:69)
at org.openqa.selenium.support.pagefactory.internal.LocatingElementHandler.invoke(LocatingElementHandler.java:38)
at com.sun.proxy.$Proxy7.clear(Unknown Source)
at com.ConvergeHub.TestCases.TC_AddLead.LeadCreation(TC_AddLead.java:22)
... Removed 29 stack frames]]>
    </failure>
  </testcase> <!-- LeadCreation -->
  <testcase name="LeadCreation" time="0.06" classname="com.ConvergeHub.TestCases.TC_AddLead">
    <failure type="java.lang.NullPointerException">
      <![CDATA[java.lang.NullPointerException
at com.ConvergeHub.Utilities.TestUtil.captureScreenshot(TestUtil.java:33)
at com.ConvergeHub.Listeners.CustomListeners.onTestFailure(CustomListeners.java:60)
... Removed 26 stack frames]]>
    </failure>
  </testcase> <!-- LeadCreation -->
</testsuite> <!-- Lead Test Cases -->
