<?xml version="1.0" encoding="UTF-8"?>
<!-- Generated by org.testng.reporters.JUnitXMLReporter -->
<testsuite hostname="sunit-PC" ignored="4" name="Lead Test Cases" tests="3" failures="0" timestamp="17 Jan 2019 07:00:30 GMT" time="97.043" errors="0">
  <testcase name="LeadCreation" time="35.317" classname="com.ConvergeHub.TestCases.TC_AddLead"/>
  <testcase name="Createtaskforlead" time="28.339" classname="com.ConvergeHub.TestCases.TC_CreateTaskForLead"/>
  <testcase name="AddCommentTolead" time="27.969" classname="com.ConvergeHub.TestCases.TC_AddCommentToLead"/>
  <testcase name="@AfterSuite TearDown" time="0.0" classname="com.ConvergeHub.Base.Base">
    <ignored/>
  </testcase> <!-- @AfterSuite TearDown -->
  <testcase name="@AfterSuite TearDown" time="0.0" classname="com.ConvergeHub.Base.Base">
    <ignored/>
  </testcase> <!-- @AfterSuite TearDown -->
  <testcase name="@BeforeSuite setUp" time="0.0" classname="com.ConvergeHub.Base.Base">
    <ignored/>
  </testcase> <!-- @BeforeSuite setUp -->
  <testcase name="@BeforeSuite setUp" time="0.0" classname="com.ConvergeHub.Base.Base">
    <ignored/>
  </testcase> <!-- @BeforeSuite setUp -->
</testsuite> <!-- Lead Test Cases -->
