<?xml version="1.0" encoding="UTF-8"?>
<testng-results skipped="0" failed="1" ignored="0" total="1" passed="0">
  <reporter-output>
    <line>
      <![CDATA[Cpaturing Screenshot]]>
    </line>
    <line>
      <![CDATA[<a target="_blank" href="D:\AutomationTestScripts\Workspace\target\surefire-reports\html\Wed_Jan_16_10_16_18_IST_2019.jpg"> Screenshot </a>]]>
    </line>
  </reporter-output>
  <suite name="Suite" duration-ms="18941" started-at="2019-01-16T04:45:59Z" finished-at="2019-01-16T04:46:18Z">
    <groups>
      <group name="Regression">
        <method signature="TC_AddLead.LeadCreation()[pri:0, instance:com.ConvergeHub.TestCases.TC_AddLead@64c87930]" name="LeadCreation" class="com.ConvergeHub.TestCases.TC_AddLead"/>
      </group> <!-- Regression -->
      <group name="Smoke">
        <method signature="TC_AddLead.LeadCreation()[pri:0, instance:com.ConvergeHub.TestCases.TC_AddLead@64c87930]" name="LeadCreation" class="com.ConvergeHub.TestCases.TC_AddLead"/>
      </group> <!-- Smoke -->
    </groups>
    <test name="Lead Test Cases" duration-ms="18941" started-at="2019-01-16T04:45:59Z" finished-at="2019-01-16T04:46:18Z">
      <class name="com.ConvergeHub.TestCases.TC_AddLead">
        <test-method status="PASS" signature="setUp()[pri:0, instance:com.ConvergeHub.TestCases.TC_AddLead@64c87930]" name="setUp" is-config="true" duration-ms="8914" started-at="2019-01-16T04:45:50Z" finished-at="2019-01-16T04:45:59Z">
          <reporter-output>
          </reporter-output>
        </test-method> <!-- setUp -->
        <test-method status="FAIL" signature="LeadCreation()[pri:0, instance:com.ConvergeHub.TestCases.TC_AddLead@64c87930]" name="LeadCreation" duration-ms="18581" started-at="2019-01-16T04:45:59Z" description="Create a new Lead" finished-at="2019-01-16T04:46:18Z">
          <exception class="java.lang.NullPointerException">
            <full-stacktrace>
              <![CDATA[java.lang.NullPointerException
at com.ConvergeHub.Listeners.CustomListeners.onTestSuccess(CustomListeners.java:114)
at org.testng.internal.TestListenerHelper.runTestListeners(TestListenerHelper.java:70)
at org.testng.internal.Invoker.runTestListeners(Invoker.java:1389)
at org.testng.internal.Invoker.invokeMethod(Invoker.java:636)
at org.testng.internal.Invoker.invokeTestMethod(Invoker.java:719)
at org.testng.internal.Invoker.invokeTestMethods(Invoker.java:989)
at org.testng.internal.TestMethodWorker.invokeTestMethods(TestMethodWorker.java:125)
at org.testng.internal.TestMethodWorker.run(TestMethodWorker.java:109)
at org.testng.TestRunner.privateRun(TestRunner.java:648)
at org.testng.TestRunner.run(TestRunner.java:505)
at org.testng.SuiteRunner.runTest(SuiteRunner.java:455)
at org.testng.SuiteRunner.runSequentially(SuiteRunner.java:450)
at org.testng.SuiteRunner.privateRun(SuiteRunner.java:415)
at org.testng.SuiteRunner.run(SuiteRunner.java:364)
at org.testng.SuiteRunnerWorker.runSuite(SuiteRunnerWorker.java:52)
at org.testng.SuiteRunnerWorker.run(SuiteRunnerWorker.java:84)
at org.testng.TestNG.runSuitesSequentially(TestNG.java:1208)
at org.testng.TestNG.runSuitesLocally(TestNG.java:1137)
at org.testng.TestNG.runSuites(TestNG.java:1049)
at org.testng.TestNG.run(TestNG.java:1017)
at org.testng.remote.AbstractRemoteTestNG.run(AbstractRemoteTestNG.java:114)
at org.testng.remote.RemoteTestNG.initAndRun(RemoteTestNG.java:251)
at org.testng.remote.RemoteTestNG.main(RemoteTestNG.java:77)
]]>
            </full-stacktrace>
          </exception> <!-- java.lang.NullPointerException -->
          <reporter-output>
          </reporter-output>
        </test-method> <!-- LeadCreation -->
        <test-method status="PASS" signature="TearDown()[pri:0, instance:com.ConvergeHub.TestCases.TC_AddLead@64c87930]" name="TearDown" is-config="true" duration-ms="3062" started-at="2019-01-16T04:46:18Z" finished-at="2019-01-16T04:46:21Z">
          <reporter-output>
          </reporter-output>
        </test-method> <!-- TearDown -->
      </class> <!-- com.ConvergeHub.TestCases.TC_AddLead -->
    </test> <!-- Lead Test Cases -->
  </suite> <!-- Suite -->
</testng-results>
